[ 2017-01-02T00:06:23+08:00 ] ::1 /xxhb/assets/images/logo-colorful.png
ERR: 无法加载模块:Assets

[ 2017-01-02T00:07:20+08:00 ] ::1 /xxhb/assets/images/logo-colorful.png
ERR: 无法加载模块:Assets

[ 2017-01-02T00:08:15+08:00 ] ::1 /xxhb/assets/images/logo-colorful.png
ERR: 无法加载模块:Assets

[ 2017-01-02T10:18:26+08:00 ] ::1 /xxhb/index.php/assets/css/admin.css
ERR: 无法加载模块:Assets

[ 2017-01-02T10:18:26+08:00 ] ::1 /xxhb/index.php/assets/js/jquery.min.js
ERR: 无法加载模块:Assets

[ 2017-01-02T10:18:26+08:00 ] ::1 /xxhb/index.php/assets/css/amazeui.min.css
ERR: 无法加载模块:Assets

[ 2017-01-02T10:18:26+08:00 ] ::1 /xxhb/index.php/assets/js/amazeui.min.js
ERR: 无法加载模块:Assets

[ 2017-01-02T10:18:26+08:00 ] ::1 /xxhb/index.php/assets/js/app.js
ERR: 无法加载模块:Assets

[ 2017-01-02T10:18:26+08:00 ] ::1 /xxhb/index.php/assets/i/examples/admin-firefox.png
ERR: 无法加载模块:Assets

[ 2017-01-02T10:18:26+08:00 ] ::1 /xxhb/index.php/assets/i/examples/admin-chrome.png
ERR: 无法加载模块:Assets

[ 2017-01-02T10:18:26+08:00 ] ::1 /xxhb/index.php/assets/i/examples/admin-opera.png
ERR: 无法加载模块:Assets

[ 2017-01-02T10:18:26+08:00 ] ::1 /xxhb/index.php/assets/i/examples/admin-safari.png
ERR: 无法加载模块:Assets

[ 2017-01-02T10:18:26+08:00 ] ::1 /xxhb/index.php/assets/i/examples/admin-ie.png
ERR: 无法加载模块:Assets

[ 2017-01-02T10:18:27+08:00 ] ::1 /xxhb/index.php/assets/i/favicon.png
ERR: 无法加载模块:Assets

[ 2017-01-02T10:19:57+08:00 ] ::1 /xxhb/Public/Admin/i/examples/admin-firefox.png
ERR: 无法加载模块:Public

[ 2017-01-02T10:19:57+08:00 ] ::1 /xxhb/Public/Admin/i/examples/admin-ie.png
ERR: 无法加载模块:Public

[ 2017-01-02T10:19:57+08:00 ] ::1 /xxhb/Public/Admin/i/examples/admin-chrome.png
ERR: 无法加载模块:Public

[ 2017-01-02T10:19:58+08:00 ] ::1 /xxhb/Public/Admin/i/examples/admin-safari.png
ERR: 无法加载模块:Public

[ 2017-01-02T10:19:58+08:00 ] ::1 /xxhb/Public/Admin/i/examples/admin-opera.png
ERR: 无法加载模块:Public

[ 2017-01-02T10:19:59+08:00 ] ::1 /xxhb/Public/Admin/i/favicon.png
ERR: 无法加载模块:Public

[ 2017-01-02T10:23:33+08:00 ] ::1 /xxhb/Public/Admin/i/examples/admin-chrome.png
ERR: 无法加载模块:Public

[ 2017-01-02T10:23:33+08:00 ] ::1 /xxhb/Public/Admin/i/examples/admin-ie.png
ERR: 无法加载模块:Public

[ 2017-01-02T10:23:33+08:00 ] ::1 /xxhb/Public/Admin/i/examples/admin-safari.png
ERR: 无法加载模块:Public

[ 2017-01-02T10:23:34+08:00 ] ::1 /xxhb/Public/Admin/i/examples/admin-opera.png
ERR: 无法加载模块:Public

[ 2017-01-02T10:23:34+08:00 ] ::1 /xxhb/Public/Admin/i/examples/admin-firefox.png
ERR: 无法加载模块:Public

[ 2017-01-02T11:27:06+08:00 ] ::1 /xxhb/assets/images/logo-colorful.png
ERR: 无法加载模块:Assets

[ 2017-01-02T11:27:30+08:00 ] ::1 /xxhb/assets/images/logo-colorful.png
ERR: 无法加载模块:Assets

[ 2017-01-02T11:28:15+08:00 ] ::1 /xxhb/assets/images/logo-colorful.png
ERR: 无法加载模块:Assets

[ 2017-01-02T12:42:03+08:00 ] ::1 /xxhb/index.php/admin-user.html
ERR: 无法加载模块:Admin-user

[ 2017-01-02T12:42:09+08:00 ] ::1 /xxhb/index.php/admin-user.html
ERR: 无法加载模块:Admin-user

[ 2017-01-02T12:42:12+08:00 ] ::1 /xxhb/index.php/admin-log.html
ERR: 无法加载模块:Admin-log

[ 2017-01-02T16:33:28+08:00 ] ::1 /xxhb/index.php]
ERR: 无法加载模块:Index

[ 2017-01-02T16:33:35+08:00 ] ::1 /xxhb/assets/images/logo-colorful.png
ERR: 无法加载模块:Assets

[ 2017-01-02T16:34:24+08:00 ] ::1 /xxhb/assets/images/logo-colorful.png
ERR: 无法加载模块:Assets

[ 2017-01-02T16:39:13+08:00 ] ::1 /xxhb/assets/images/logo-colorful.png
ERR: 无法加载模块:Assets

[ 2017-01-02T16:48:23+08:00 ] ::1 /xxhb/assets/images/logo-colorful.png
ERR: 无法加载模块:Assets

[ 2017-01-02T16:50:43+08:00 ] ::1 /xxhb/assets/images/logo-colorful.png
ERR: 无法加载模块:Assets

[ 2017-01-02T16:50:44+08:00 ] ::1 /xxhb/assets/images/logo-colorful.png
ERR: 无法加载模块:Assets

[ 2017-01-02T16:50:45+08:00 ] ::1 /xxhb/assets/images/logo-colorful.png
ERR: 无法加载模块:Assets

[ 2017-01-02T16:50:46+08:00 ] ::1 /xxhb/assets/images/logo-colorful.png
ERR: 无法加载模块:Assets

[ 2017-01-02T16:52:15+08:00 ] ::1 /xxhb/assets/images/logo-colorful.png
ERR: 无法加载模块:Assets

[ 2017-01-02T16:55:08+08:00 ] ::1 /xxhb/assets/images/logo-colorful.png
ERR: 无法加载模块:Assets

[ 2017-01-02T16:56:00+08:00 ] ::1 /xxhb/assets/images/logo-colorful.png
ERR: 无法加载模块:Assets

[ 2017-01-02T16:58:25+08:00 ] ::1 /xxhb/assets/images/logo-colorful.png
ERR: 无法加载模块:Assets

[ 2017-01-02T19:39:44+08:00 ] ::1 /xxhb/assets/images/logo-colorful.png
ERR: 无法加载模块:Assets

[ 2017-01-02T19:43:55+08:00 ] ::1 /xxhb/assets/images/logo-colorful.png
ERR: 无法加载模块:Assets

[ 2017-01-02T19:53:53+08:00 ] ::1 /xxhb/assets/images/logo-colorful.png
ERR: 无法加载模块:Assets

[ 2017-01-02T19:57:46+08:00 ] ::1 /xxhb/assets/images/logo-colorful.png
ERR: 无法加载模块:Assets

[ 2017-01-02T20:03:21+08:00 ] ::1 /xxhb/assets/images/logo-colorful.png
ERR: 无法加载模块:Assets

[ 2017-01-02T20:03:24+08:00 ] ::1 /xxhb/assets/images/logo-colorful.png
ERR: 无法加载模块:Assets

[ 2017-01-02T20:03:25+08:00 ] ::1 /xxhb/assets/images/logo-colorful.png
ERR: 无法加载模块:Assets

[ 2017-01-02T20:32:58+08:00 ] ::1 /xxhb/assets/images/logo-colorful.png
ERR: 无法加载模块:Assets

[ 2017-01-02T20:33:12+08:00 ] ::1 /xxhb/assets/images/logo-colorful.png
ERR: 无法加载模块:Assets

[ 2017-01-02T20:34:20+08:00 ] ::1 /xxhb/admin-index.html
ERR: 无法加载模块:Admin-index

[ 2017-01-02T20:34:25+08:00 ] 127.0.0.1 /xxhb/Public/Admin/i/favicon.png
ERR: 无法加载模块:Public

[ 2017-01-02T20:34:36+08:00 ] ::1 /xxhb/admin-index.html
ERR: 无法加载模块:Admin-index

[ 2017-01-02T20:34:37+08:00 ] 127.0.0.1 /xxhb/Public/Admin/i/favicon.png
ERR: 无法加载模块:Public

[ 2017-01-02T20:38:19+08:00 ] ::1 /xxhb/assets/images/logo-colorful.png
ERR: 无法加载模块:Assets

[ 2017-01-02T20:38:25+08:00 ] ::1 /xxhb/assets/images/logo-colorful.png
ERR: 无法加载模块:Assets

[ 2017-01-02T20:38:56+08:00 ] ::1 /xxhb/Public/Admin/i/favicon.png
ERR: 无法加载模块:Public

[ 2017-01-02T20:41:58+08:00 ] ::1 /xxhb/assets/images/logo-colorful.png
ERR: 无法加载模块:Assets

[ 2017-01-02T20:42:10+08:00 ] ::1 /xxhb/assets/images/logo-colorful.png
ERR: 无法加载模块:Assets

[ 2017-01-02T20:50:18+08:00 ] ::1 /xxhb/assets/images/logo-colorful.png
ERR: 无法加载模块:Assets

[ 2017-01-02T20:54:39+08:00 ] ::1 /xxhb/Public/Admin/i/favicon.png
ERR: 无法加载模块:Public

